<?xml version="1.0" encoding="UTF-8"?>
<!-- Generated by org.testng.reporters.JUnitXMLReporter -->
<testsuite hostname="Spiderman" name="HomePageTest1" tests="6" failures="0" timestamp="29 Feb 2016 02:30:13 GMT" time="7.388" errors="0">
  <testcase name="test1_1" time="5.776" classname="com.acxiom.tests.test1"/>
  <testcase name="test1_2" time="0.0" classname="com.acxiom.tests.test1"/>
  <testcase name="test1_3" time="0.0" classname="com.acxiom.tests.test1"/>
  <testcase name="test2_1" time="7.369" classname="com.acxiom.tests.test2"/>
  <testcase name="test2_2" time="0.0" classname="com.acxiom.tests.test2"/>
  <testcase name="test2_3" time="0.001" classname="com.acxiom.tests.test2"/>
</testsuite> <!-- HomePageTest1 -->
