<?xml version="1.0" encoding="UTF-8"?>
<testng-results skipped="0" failed="0" total="1" passed="1">
  <reporter-output>
  </reporter-output>
  <suite name="SimpleSite_Regression" duration-ms="14585" started-at="2016-03-06T06:29:55Z" finished-at="2016-03-06T06:30:10Z">
    <groups>
    </groups>
    <test name="HomePageTest1" duration-ms="14585" started-at="2016-03-06T06:29:55Z" finished-at="2016-03-06T06:30:10Z">
      <class name="com.acxiom.tests.mysel">
        <test-method status="PASS" signature="hey()[pri:0, instance:com.acxiom.tests.mysel@79698539]" name="hey" duration-ms="14574" started-at="2016-03-06T00:29:55Z" finished-at="2016-03-06T00:30:10Z">
          <reporter-output>
          </reporter-output>
        </test-method> <!-- hey -->
      </class> <!-- com.acxiom.tests.mysel -->
    </test> <!-- HomePageTest1 -->
  </suite> <!-- SimpleSite_Regression -->
</testng-results>
