<?xml version="1.0" encoding="UTF-8"?>
<testng-results skipped="0" failed="0" total="1" passed="1">
  <reporter-output>
  </reporter-output>
  <suite name="SimpleSite_Regression" duration-ms="7462" started-at="2016-02-29T01:44:09Z" finished-at="2016-02-29T01:44:17Z">
    <groups>
    </groups>
    <test name="HomePageTest" duration-ms="7462" started-at="2016-02-29T01:44:09Z" finished-at="2016-02-29T01:44:17Z">
      <class name="com.acxiom.tests.test1">
        <test-method status="PASS" signature="myname(java.lang.String)[pri:0, instance:com.acxiom.tests.test1@2de56eb2]" name="myname" duration-ms="7445" started-at="2016-02-28T19:44:09Z" finished-at="2016-02-28T19:44:17Z">
          <params>
            <param index="0">
              <value>
                <![CDATA[http://www.simplesite.com]]>
              </value>
            </param>
          </params>
          <reporter-output>
          </reporter-output>
        </test-method> <!-- myname -->
      </class> <!-- com.acxiom.tests.test1 -->
    </test> <!-- HomePageTest -->
  </suite> <!-- SimpleSite_Regression -->
</testng-results>
